Training 3D Space Dogfight DDA Agent (LSTM Memory)
Device: cpu, Updates: 600, Steps/Update: 32
Obs dim: 7, Act dim: 5, LSTM hidden: 128
======================================================================
[  1/600] skill=0.2 avg_rew=-5.89 kills=1 acc=0.30 hp=100 wave=1 e_count=2 e_spd=75 e_hp=32
[  2/600] skill=0.3 avg_rew=-3.11 kills=4 acc=0.23 hp=100 wave=3 e_count=1 e_spd=53 e_hp=15
[  3/600] skill=0.5 avg_rew=-2.51 kills=6 acc=0.21 hp=49 wave=4 e_count=3 e_spd=73 e_hp=35
[  4/600] skill=0.7 avg_rew=-3.00 kills=0 acc=0.00 hp=100 wave=1 e_count=3 e_spd=80 e_hp=40
[  5/600] skill=0.8 avg_rew=-2.68 kills=0 acc=1.00 hp=100 wave=1 e_count=2 e_spd=75 e_hp=32
[ 10/600] skill=0.7 avg_rew=-3.29 kills=1 acc=0.27 hp=100 wave=1 e_count=3 e_spd=80 e_hp=40
[ 20/600] skill=0.3 avg_rew=-4.02 kills=2 acc=0.44 hp=100 wave=2 e_count=3 e_spd=78 e_hp=36
[ 30/600] skill=0.9 avg_rew=-2.87 kills=6 acc=0.16 hp=66 wave=4 e_count=5 e_spd=85 e_hp=48
[ 40/600] skill=0.7 avg_rew=-4.08 kills=5 acc=0.15 hp=100 wave=4 e_count=2 e_spd=49 e_hp=23
[ 50/600] skill=0.3 avg_rew=-2.05 kills=5 acc=0.43 hp=-23 wave=3 e_count=10 e_spd=121 e_hp=108
[ 60/600] skill=0.9 avg_rew=-4.86 kills=7 acc=0.17 hp=100 wave=5 e_count=10 e_spd=85 e_hp=99
[ 70/600] skill=0.7 avg_rew=-4.88 kills=0 acc=0.50 hp=100 wave=1 e_count=5 e_spd=92 e_hp=60
[ 80/600] skill=0.3 avg_rew=-3.47 kills=4 acc=0.20 hp=100 wave=3 e_count=3 e_spd=58 e_hp=35
[ 90/600] skill=0.9 avg_rew=-3.21 kills=3 acc=0.15 hp=100 wave=3 e_count=2 e_spd=58 e_hp=23
[100/600] skill=0.7 avg_rew=-4.05 kills=2 acc=0.44 hp=-24 wave=1 e_count=3 e_spd=80 e_hp=40
  → Saved LSTM model to dda_ppo_3d_lstm.pth
[110/600] skill=0.3 avg_rew=-4.04 kills=9 acc=0.27 hp=99 wave=6 e_count=2 e_spd=61 e_hp=23
[120/600] skill=0.9 avg_rew=-3.82 kills=0 acc=0.67 hp=100 wave=1 e_count=4 e_spd=83 e_hp=44
[130/600] skill=0.7 avg_rew=-4.08 kills=6 acc=0.21 hp=100 wave=4 e_count=11 e_spd=124 e_hp=112
[140/600] skill=0.3 avg_rew=-4.10 kills=5 acc=0.21 hp=100 wave=4 e_count=4 e_spd=73 e_hp=43
[150/600] skill=0.9 avg_rew=-3.55 kills=7 acc=0.28 hp=-24 wave=4 e_count=1 e_spd=68 e_hp=20
[160/600] skill=0.7 avg_rew=-4.44 kills=1 acc=0.14 hp=100 wave=1 e_count=3 e_spd=78 e_hp=36
[170/600] skill=0.3 avg_rew=-4.18 kills=3 acc=0.47 hp=100 wave=2 e_count=1 e_spd=70 e_hp=24
[180/600] skill=0.9 avg_rew=-4.61 kills=3 acc=0.41 hp=100 wave=2 e_count=6 e_spd=95 e_hp=64
[190/600] skill=0.7 avg_rew=-3.26 kills=1 acc=0.21 hp=100 wave=1 e_count=6 e_spd=97 e_hp=68
[200/600] skill=0.3 avg_rew=-3.54 kills=0 acc=0.00 hp=100 wave=1 e_count=4 e_spd=85 e_hp=48
  → Saved LSTM model to dda_ppo_3d_lstm.pth
[210/600] skill=0.9 avg_rew=-1.48 kills=3 acc=0.39 hp=100 wave=2 e_count=7 e_spd=100 e_hp=72
[220/600] skill=0.7 avg_rew=-5.81 kills=6 acc=0.26 hp=100 wave=3 e_count=6 e_spd=93 e_hp=60
[230/600] skill=0.3 avg_rew=-2.46 kills=7 acc=0.19 hp=45 wave=6 e_count=6 e_spd=75 e_hp=63
[240/600] skill=0.9 avg_rew=-3.82 kills=5 acc=0.19 hp=100 wave=3 e_count=5 e_spd=88 e_hp=52
[250/600] skill=0.7 avg_rew=-4.61 kills=2 acc=0.33 hp=100 wave=2 e_count=11 e_spd=122 e_hp=108
[260/600] skill=0.3 avg_rew=-2.62 kills=1 acc=0.18 hp=100 wave=1 e_count=5 e_spd=90 e_hp=56
[270/600] skill=0.9 avg_rew=-4.58 kills=5 acc=0.32 hp=100 wave=4 e_count=11 e_spd=120 e_hp=104
[280/600] skill=0.7 avg_rew=-4.21 kills=6 acc=0.35 hp=100 wave=3 e_count=8 e_spd=107 e_hp=84
[290/600] skill=0.3 avg_rew=-1.33 kills=6 acc=0.28 hp=65 wave=4 e_count=6 e_spd=93 e_hp=60
[300/600] skill=0.9 avg_rew=-2.34 kills=9 acc=0.45 hp=100 wave=4 e_count=6 e_spd=93 e_hp=60
  → Saved LSTM model to dda_ppo_3d_lstm.pth
[310/600] skill=0.7 avg_rew=-3.02 kills=2 acc=0.32 hp=100 wave=1 e_count=4 e_spd=83 e_hp=44
[320/600] skill=0.3 avg_rew=-4.37 kills=4 acc=0.36 hp=100 wave=2 e_count=4 e_spd=85 e_hp=48
[330/600] skill=0.9 avg_rew=-4.35 kills=4 acc=0.31 hp=100 wave=2 e_count=4 e_spd=83 e_hp=44
[340/600] skill=0.7 avg_rew=-3.72 kills=3 acc=0.38 hp=100 wave=2 e_count=1 e_spd=68 e_hp=20
[350/600] skill=0.3 avg_rew=-3.31 kills=7 acc=0.29 hp=100 wave=4 e_count=4 e_spd=81 e_hp=40
[360/600] skill=0.9 avg_rew=-4.81 kills=1 acc=0.16 hp=100 wave=1 e_count=1 e_spd=68 e_hp=20
[370/600] skill=0.7 avg_rew=-3.60 kills=1 acc=0.29 hp=50 wave=1 e_count=5 e_spd=92 e_hp=60
[380/600] skill=0.3 avg_rew=-4.08 kills=1 acc=0.23 hp=100 wave=1 e_count=1 e_spd=63 e_hp=15
[390/600] skill=0.9 avg_rew=-3.03 kills=5 acc=0.24 hp=100 wave=3 e_count=3 e_spd=73 e_hp=35
[400/600] skill=0.7 avg_rew=-4.48 kills=7 acc=0.21 hp=100 wave=6 e_count=1 e_spd=46 e_hp=15
  → Saved LSTM model to dda_ppo_3d_lstm.pth
[410/600] skill=0.3 avg_rew=-4.35 kills=9 acc=0.24 hp=100 wave=5 e_count=2 e_spd=56 e_hp=23
[420/600] skill=0.9 avg_rew=-3.73 kills=11 acc=0.32 hp=100 wave=6 e_count=6 e_spd=76 e_hp=55
[430/600] skill=0.7 avg_rew=-3.62 kills=12 acc=0.35 hp=100 wave=7 e_count=1 e_spd=44 e_hp=15
[440/600] skill=0.3 avg_rew=-3.98 kills=4 acc=0.25 hp=100 wave=2 e_count=3 e_spd=80 e_hp=40
[450/600] skill=0.9 avg_rew=-3.55 kills=6 acc=0.15 hp=100 wave=5 e_count=1 e_spd=34 e_hp=15
[460/600] skill=0.7 avg_rew=-3.51 kills=8 acc=0.24 hp=100 wave=5 e_count=3 e_spd=75 e_hp=35
[470/600] skill=0.3 avg_rew=-4.83 kills=2 acc=0.17 hp=26 wave=2 e_count=3 e_spd=82 e_hp=44
[480/600] skill=0.9 avg_rew=-4.60 kills=7 acc=0.13 hp=100 wave=4 e_count=3 e_spd=42 e_hp=35
[490/600] skill=0.7 avg_rew=-3.78 kills=4 acc=0.23 hp=100 wave=3 e_count=1 e_spd=60 e_hp=15
[500/600] skill=0.3 avg_rew=-4.12 kills=9 acc=0.13 hp=100 wave=6 e_count=4 e_spd=49 e_hp=47
  → Saved LSTM model to dda_ppo_3d_lstm.pth
[510/600] skill=0.9 avg_rew=-4.07 kills=3 acc=0.18 hp=75 wave=3 e_count=1 e_spd=63 e_hp=15
[520/600] skill=0.7 avg_rew=-5.16 kills=9 acc=0.19 hp=3 wave=5 e_count=3 e_spd=69 e_hp=35
[530/600] skill=0.3 avg_rew=-4.04 kills=4 acc=0.36 hp=100 wave=2 e_count=2 e_spd=75 e_hp=32
[540/600] skill=0.9 avg_rew=-3.52 kills=8 acc=0.25 hp=100 wave=4 e_count=1 e_spd=39 e_hp=15
[550/600] skill=0.7 avg_rew=-3.84 kills=4 acc=0.26 hp=100 wave=3 e_count=4 e_spd=80 e_hp=43
[560/600] skill=0.3 avg_rew=-3.44 kills=6 acc=0.12 hp=100 wave=5 e_count=2 e_spd=41 e_hp=27
[570/600] skill=0.9 avg_rew=-3.54 kills=7 acc=0.21 hp=100 wave=4 e_count=1 e_spd=41 e_hp=15
[580/600] skill=0.7 avg_rew=-3.36 kills=11 acc=0.21 hp=100 wave=6 e_count=3 e_spd=48 e_hp=35
[590/600] skill=0.3 avg_rew=-5.03 kills=7 acc=0.19 hp=100 wave=4 e_count=1 e_spd=53 e_hp=19
[600/600] skill=0.9 avg_rew=-4.30 kills=2 acc=0.14 hp=1 wave=2 e_count=3 e_spd=75 e_hp=35
  → Saved LSTM model to dda_ppo_3d_lstm.pth

Training complete! Best avg_reward: -1.03
LSTM Model saved to dda_ppo_3d_lstm.pth
Total training time: 22.9s (0.4 min)
